[debug] [2023-12-21T18:40:35.858Z] ----------------------------------------------------------------------
[debug] [2023-12-21T18:40:35.860Z] Command:       C:\Program Files\nodejs\node.exe C:\Users\katsu\AppData\Roaming\npm\node_modules\firebase-tools\lib\bin\firebase.js init
[debug] [2023-12-21T18:40:35.861Z] CLI Version:   12.9.1
[debug] [2023-12-21T18:40:35.861Z] Platform:      win32
[debug] [2023-12-21T18:40:35.861Z] Node Version:  v21.2.0
[debug] [2023-12-21T18:40:35.861Z] Time:          Fri Dec 22 2023 03:40:35 GMT+0900 (日本標準時)
[debug] [2023-12-21T18:40:35.861Z] ----------------------------------------------------------------------
[debug] 
[debug] [2023-12-21T18:40:35.863Z] >>> [apiv2][query] GET https://firebase-public.firebaseio.com/cli.json [none]
[debug] [2023-12-21T18:40:35.907Z] > command requires scopes: ["email","openid","https://www.googleapis.com/auth/cloudplatformprojects.readonly","https://www.googleapis.com/auth/firebase","https://www.googleapis.com/auth/cloud-platform"]
[debug] [2023-12-21T18:40:35.907Z] > authorizing via signed-in user (kondo318@gmail.com)
[info] 
     ######## #### ########  ######## ########     ###     ######  ########
     ##        ##  ##     ## ##       ##     ##  ##   ##  ##       ##
     ######    ##  ########  ######   ########  #########  ######  ######
     ##        ##  ##    ##  ##       ##     ## ##     ##       ## ##
     ##       #### ##     ## ######## ########  ##     ##  ######  ########

You're about to initialize a Firebase project in this directory:

  C:\xampp\htdocs\gs\20231222_php02

Before we get started, keep in mind:

  * You are currently outside your home directory

[debug] [2023-12-21T18:40:36.342Z] <<< [apiv2][status] GET https://firebase-public.firebaseio.com/cli.json 200
[debug] [2023-12-21T18:40:36.342Z] <<< [apiv2][body] GET https://firebase-public.firebaseio.com/cli.json {"cloudBuildErrorAfter":1594252800000,"cloudBuildWarnAfter":1590019200000,"defaultNode10After":1594252800000,"minVersion":"3.0.5","node8DeploysDisabledAfter":1613390400000,"node8RuntimeDisabledAfter":1615809600000,"node8WarnAfter":1600128000000}
